app/build/outputs/logs/manifest-merger-debug-report.txt
-- Merging decision tree log ---
manifest
ADDED from src\main\AndroidManifest.xml:17:1-73:12
INJECTED from src\main\AndroidManifest.xml:17:1-73:12
INJECTED from src\main\AndroidManifest.xml:17:1-73:12
INJECTED from src\main\AndroidManifest.xml:17:1-73:12
INJECTED from src\main\AndroidManifest.xml:17:1-73:12
INJECTED from src\main\AndroidManifest.xml:17:1-73:12
INJECTED from src\main\AndroidManifest.xml:17:1-73:12
	package
		ADDED from src\main\AndroidManifest.xml:18:3-34
		INJECTED from src\main\AndroidManifest.xml
		INJECTED from src\main\AndroidManifest.xml
	android:versionName
		ADDED from src\main\AndroidManifest.xml:20:3-30
		INJECTED from src\main\AndroidManifest.xml
		INJECTED from src\main\AndroidManifest.xml
	xmlns:android
		ADDED from src\main\AndroidManifest.xml:17:11-69
	android:versionCode
		ADDED from src\main\AndroidManifest.xml:19:3-27
		INJECTED from src\main\AndroidManifest.xml
		INJECTED from src\main\AndroidManifest.xml
uses-feature#android.hardware.usb.host
ADDED from src\main\AndroidManifest.xml:23:3-59
	android:name
		ADDED from src\main\AndroidManifest.xml:23:17-57
supports-screens
ADDED from src\main\AndroidManifest.xml:25:3-29:35
	android:largeScreens
		ADDED from src\main\AndroidManifest.xml:26:5-32
	android:smallScreens
		ADDED from src\main\AndroidManifest.xml:28:5-33
	android:normalScreens
		ADDED from src\main\AndroidManifest.xml:27:5-33
	android:xlargeScreens
		ADDED from src\main\AndroidManifest.xml:29:5-33
uses-permission#android.permission.WRITE_EXTERNAL_STORAGE
ADDED from src\main\AndroidManifest.xml:32:3-78
	android:name
		ADDED from src\main\AndroidManifest.xml:32:20-76
uses-permission#android.permission.INTERNET
ADDED from src\main\AndroidManifest.xml:34:3-64
	android:name
		ADDED from src\main\AndroidManifest.xml:34:20-62
application
ADDED from src\main\AndroidManifest.xml:36:3-71:17
	android:label
		ADDED from src\main\AndroidManifest.xml:39:5-37
	android:largeHeap
		ADDED from src\main\AndroidManifest.xml:40:5-29
	android:icon
		ADDED from src\main\AndroidManifest.xml:38:5-34
	android:theme
		ADDED from src\main\AndroidManifest.xml:41:5-37
	android:name
		ADDED from src\main\AndroidManifest.xml:37:5-56
activity#com.remoteyourcam.usb.MainActivity
ADDED from src\main\AndroidManifest.xml:42:5-60:16
	android:screenOrientation
		ADDED from src\main\AndroidManifest.xml:47:7-50
	android:label
		ADDED from src\main\AndroidManifest.xml:45:7-45
	android:launchMode
		ADDED from src\main\AndroidManifest.xml:46:7-38
	android:configChanges
		ADDED from src\main\AndroidManifest.xml:44:7-42
	android:name
		ADDED from src\main\AndroidManifest.xml:43:7-56
intent-filter#action:name:android.intent.action.MAIN+category:name:android.intent.category.LAUNCHER
ADDED from src\main\AndroidManifest.xml:48:7-52:23
action#android.intent.action.MAIN
ADDED from src\main\AndroidManifest.xml:49:9-60
	android:name
		ADDED from src\main\AndroidManifest.xml:49:17-58
category#android.intent.category.LAUNCHER
ADDED from src\main\AndroidManifest.xml:51:9-68
	android:name
		ADDED from src\main\AndroidManifest.xml:51:19-66
intent-filter#action:name:android.hardware.usb.action.USB_DEVICE_ATTACHED
ADDED from src\main\AndroidManifest.xml:53:7-55:23
action#android.hardware.usb.action.USB_DEVICE_ATTACHED
ADDED from src\main\AndroidManifest.xml:54:9-81
	android:name
		ADDED from src\main\AndroidManifest.xml:54:17-79
meta-data#android.hardware.usb.action.USB_DEVICE_ATTACHED
ADDED from src\main\AndroidManifest.xml:57:7-59:48
	android:resource
		ADDED from src\main\AndroidManifest.xml:59:9-46
	android:name
		ADDED from src\main\AndroidManifest.xml:58:9-71
activity#com.remoteyourcam.usb.activities.AppSettingsActivity
ADDED from src\main\AndroidManifest.xml:61:5-64:52
	android:screenOrientation
		ADDED from src\main\AndroidManifest.xml:64:7-50
	android:label
		ADDED from src\main\AndroidManifest.xml:63:7-58
	android:name
		ADDED from src\main\AndroidManifest.xml:62:7-74
activity#org.acra.CrashReportDialog
ADDED from src\main\AndroidManifest.xml:65:5-70:52
	android:excludeFromRecents
		ADDED from src\main\AndroidManifest.xml:67:7-40
	android:launchMode
		ADDED from src\main\AndroidManifest.xml:69:7-42
	android:theme
		ADDED from src\main\AndroidManifest.xml:70:7-50
	android:finishOnTaskLaunch
		ADDED from src\main\AndroidManifest.xml:68:7-40
	android:name
		ADDED from src\main\AndroidManifest.xml:66:7-48
uses-sdk
INJECTED from src\main\AndroidManifest.xml reason: use-sdk injection requested
INJECTED from src\main\AndroidManifest.xml
INJECTED from src\main\AndroidManifest.xml
INJECTED from src\main\AndroidManifest.xml
INJECTED from src\main\AndroidManifest.xml
	android:targetSdkVersion
		INJECTED from src\main\AndroidManifest.xml
		ADDED from src\main\AndroidManifest.xml
		INJECTED from src\main\AndroidManifest.xml
	android:minSdkVersion
		INJECTED from src\main\AndroidManifest.xml
		ADDED from src\main\AndroidManifest.xml
		INJECTED from src\main\AndroidManifest.xml